<?xml version="1.0" encoding="UTF-8"?>
<!-- Generated by org.testng.reporters.JUnitXMLReporter -->
<testsuite ignored="0" hostname="akilan-18633-gf" failures="0" tests="4" name="Run Class Annotations" time="0.192" errors="0" timestamp="2023-10-30T09:02:15 IST">
  <testcase classname="testautomation.TestAutomation" name="test" time="0.02"/>
  <testcase classname="testautomation.TestAutomation" name="test1" time="0.002"/>
  <testcase classname="testautomation.it_department" name="software_developers" time="0.003"/>
  <testcase classname="testautomation.it_department" name="software_testers" time="0.003"/>
</testsuite> <!-- Run Class Annotations -->
