<?xml version="1.0" encoding="UTF-8"?>
<testng-results ignored="0" total="1" passed="1" failed="0" skipped="0">
  <reporter-output>
  </reporter-output>
  <suite started-at="2023-11-13T15:14:23 IST" name="Suite" finished-at="2023-11-13T15:14:23 IST" duration-ms="92">
    <groups>
    </groups>
    <test started-at="2023-11-13T15:14:23 IST" name="Test" finished-at="2023-11-13T15:14:23 IST" duration-ms="92">
      <class name="testautomation.hr_department">
        <test-method signature="manager()[pri:0, instance:testautomation.hr_department@3527942a]" started-at="2023-11-13T15:14:23 IST" name="manager" finished-at="2023-11-13T15:14:23 IST" duration-ms="14" status="PASS">
          <reporter-output>
          </reporter-output>
        </test-method> <!-- manager -->
      </class> <!-- testautomation.hr_department -->
    </test> <!-- Test -->
  </suite> <!-- Suite -->
</testng-results>
